Base path: C:/Program Files (x86)/Unity/Editor/Data
Pipe name: \\.\pipe\UnityShaderCompiler-2-3540
Cmd: getPlatforms
Cmd: compileSnippet
  api=9 type=0 insize=1008 outsize=794 kw= ok=1
Cmd: compileSnippet
  api=9 type=1 insize=1008 outsize=7 kw= ok=1
Cmd: compileSnippet
  api=9 type=0 insize=3259 outsize=785 kw= ok=1
Cmd: compileSnippet
  api=9 type=1 insize=3259 outsize=7 kw= ok=1
Cmd: compileSnippet
  api=9 type=0 insize=3256 outsize=942 kw= ok=1
Cmd: compileSnippet
  api=9 type=1 insize=3256 outsize=7 kw= ok=1
Cmd: compileSnippet
  api=9 type=0 insize=3261 outsize=716 kw= ok=1
Cmd: compileSnippet
  api=9 type=0 insize=3254 outsize=507 kw= ok=1
Cmd: compileSnippet
  api=9 type=1 insize=3254 outsize=7 kw= ok=1
Cmd: compileSnippet
  api=9 type=1 insize=3258 outsize=7 kw= ok=1
Cmd: compileSnippet
  api=9 type=0 insize=3253 outsize=666 kw= ok=1
Cmd: compileSnippet
  api=9 type=0 insize=4703 outsize=2149 kw= ok=1
Cmd: compileSnippet
  api=9 type=1 insize=4708 outsize=7 kw= ok=1
Unhandled exception: Readfile from pipe failed. GLE=The pipe has been ended.


Quitting shader compiler process
