Base path: C:/Program Files (x86)/Unity/Editor/Data
Pipe name: \\.\pipe\UnityShaderCompiler-4-3524
Cmd: getPlatforms
Cmd: compileSnippet
  api=9 type=1 insize=3267 outsize=7 kw= ok=1
Cmd: compileSnippet
  api=9 type=0 insize=3268 outsize=1850 kw= ok=1
Cmd: compileSnippet
  api=9 type=1 insize=3268 outsize=7 kw= ok=1
Cmd: compileSnippet
  api=9 type=0 insize=3258 outsize=730 kw= ok=1
Cmd: compileSnippet
  api=9 type=1 insize=3253 outsize=7 kw= ok=1
Cmd: compileSnippet
  api=9 type=1 insize=4698 outsize=7 kw= ok=1
Cmd: compileSnippet
  api=9 type=1 insize=4703 outsize=7 kw= ok=1
Cmd: compileSnippet
  api=9 type=1 insize=4713 outsize=7 kw= ok=1
Cmd: compileSnippet
  api=9 type=0 insize=4714 outsize=1951 kw= ok=1
Cmd: compileSnippet
  api=9 type=1 insize=4714 outsize=7 kw= ok=1
Unhandled exception: Readfile from pipe failed. GLE=The pipe has been ended.


Quitting shader compiler process
