Base path: C:/Program Files (x86)/Unity/Editor/Data
Pipe name: \\.\pipe\UnityShaderCompiler-3-5784
Cmd: getPlatforms
Cmd: compileSnippet
  api=9 type=0 insize=1007 outsize=765 kw= ok=1
Cmd: compileSnippet
  api=9 type=1 insize=1007 outsize=7 kw= ok=1
Cmd: compileSnippet
  api=9 type=0 insize=1171 outsize=1585 kw= ok=1
Cmd: compileSnippet
  api=9 type=1 insize=1171 outsize=7 kw= ok=1
Cmd: compileSnippet
  api=9 type=0 insize=3253 outsize=906 kw= ok=1
Cmd: compileSnippet
  api=9 type=1 insize=3253 outsize=7 kw= ok=1
Cmd: compileSnippet
  api=9 type=0 insize=3251 outsize=942 kw= ok=1
Cmd: compileSnippet
  api=9 type=1 insize=3251 outsize=7 kw= ok=1
Cmd: compileSnippet
  api=9 type=0 insize=3267 outsize=2097 kw= ok=1
Cmd: compileSnippet
  api=9 type=1 insize=3259 outsize=7 kw= ok=1
Cmd: compileSnippet
  api=9 type=0 insize=3259 outsize=906 kw= ok=1
Cmd: compileSnippet
  api=9 type=1 insize=3261 outsize=7 kw= ok=1
Cmd: compileSnippet
  api=9 type=0 insize=4698 outsize=697 kw= ok=1
Cmd: compileSnippet
  api=9 type=0 insize=4713 outsize=2602 kw= ok=1
Cmd: compileSnippet
  api=5 type=0 insize=4708 outsize=2360 kw= ok=1
Unhandled exception: Readfile from pipe failed. GLE=The pipe has been ended.


Quitting shader compiler process
